<?xml version="1.0" encoding="UTF-8"?>
<testsuite name="com.chargecodes.web.rest.ChargeCodeResourceIntTest" time="1.05" tests="11" errors="0" skipped="0" failures="0">
  <properties>
[...]
</properties>
  <testcase name="equalsVerifier" classname="com.chargecodes.web.rest.ChargeCodeResourceIntTest" time="0.073"/>
  <testcase name="createChargeCode" classname="com.chargecodes.web.rest.ChargeCodeResourceIntTest" time="0.13"/>
  <testcase name="checkChargeCodeNameIsRequired" classname="com.chargecodes.web.rest.ChargeCodeResourceIntTest" time="0.137"/>
  <testcase name="checkChargeCodeLocationIsRequired" classname="com.chargecodes.web.rest.ChargeCodeResourceIntTest" time="0.13"/>
  <testcase name="deleteChargeCode" classname="com.chargecodes.web.rest.ChargeCodeResourceIntTest" time="0.083"/>
  <testcase name="getAllChargeCodes" classname="com.chargecodes.web.rest.ChargeCodeResourceIntTest" time="0.108"/>
  <testcase name="updateChargeCode" classname="com.chargecodes.web.rest.ChargeCodeResourceIntTest" time="0.094"/>
  <testcase name="getNonExistingChargeCode" classname="com.chargecodes.web.rest.ChargeCodeResourceIntTest" time="0.066"/>
  <testcase name="getChargeCode" classname="com.chargecodes.web.rest.ChargeCodeResourceIntTest" time="0.076"/>
  <testcase name="updateNonExistingChargeCode" classname="com.chargecodes.web.rest.ChargeCodeResourceIntTest" time="0.077"/>
  <testcase name="createChargeCodeWithExistingId" classname="com.chargecodes.web.rest.ChargeCodeResourceIntTest" time="0.076"/>
</testsuite>